MobileBarcodeDemo/build/outputs/logs/manifest-merger-release-report.txt
-- Merging decision tree log ---
manifest
ADDED from src/main/AndroidManifest.xml:2:1-53:12
INJECTED from src/main/AndroidManifest.xml:2:1-53:12
INJECTED from src/main/AndroidManifest.xml:2:1-53:12
INJECTED from src/main/AndroidManifest.xml:2:1-53:12
MERGED from [com.android.support.constraint:constraint-layout:1.0.2] AndroidManifest.xml:2:1-11:12
MERGED from [com.android.support:design:27.0.0] AndroidManifest.xml:17:1-22:12
MERGED from [com.android.support:support-v4:27.0.0] AndroidManifest.xml:17:1-22:12
MERGED from [:] AndroidManifest.xml:2:1-9:12
MERGED from [com.android.support:appcompat-v7:27.0.0] AndroidManifest.xml:17:1-22:12
MERGED from [com.android.support:animated-vector-drawable:27.0.0] AndroidManifest.xml:17:1-22:12
MERGED from [com.android.support:support-vector-drawable:27.0.0] AndroidManifest.xml:17:1-22:12
MERGED from [:sdk-release:] AndroidManifest.xml:5:1-91:12
MERGED from [com.android.support:support-media-compat:27.0.0] AndroidManifest.xml:17:1-22:12
MERGED from [com.android.support:support-fragment:27.0.0] AndroidManifest.xml:17:1-22:12
MERGED from [com.android.support:support-core-utils:27.0.0] AndroidManifest.xml:17:1-22:12
MERGED from [com.android.support:recyclerview-v7:27.0.0] AndroidManifest.xml:17:1-22:12
MERGED from [com.android.support:support-core-ui:27.0.0] AndroidManifest.xml:17:1-22:12
MERGED from [com.android.support:transition:27.0.0] AndroidManifest.xml:17:1-22:12
MERGED from [com.android.support:support-compat:27.0.0] AndroidManifest.xml:17:1-22:12
MERGED from [android.arch.lifecycle:runtime:1.0.0] AndroidManifest.xml:17:1-30:12
INJECTED from src/main/AndroidManifest.xml:2:1-53:12
INJECTED from src/main/AndroidManifest.xml:2:1-53:12
INJECTED from src/main/AndroidManifest.xml:2:1-53:12
	package
		ADDED from src/main/AndroidManifest.xml:3:5-50
		INJECTED from src/main/AndroidManifest.xml
		INJECTED from src/main/AndroidManifest.xml
	android:versionName
		INJECTED from src/main/AndroidManifest.xml
		ADDED from src/main/AndroidManifest.xml:2:1-53:12
		INJECTED from src/main/AndroidManifest.xml
	android:versionCode
		INJECTED from src/main/AndroidManifest.xml
		ADDED from src/main/AndroidManifest.xml:2:1-53:12
		INJECTED from src/main/AndroidManifest.xml
	xmlns:android
		ADDED from src/main/AndroidManifest.xml:2:11-69
uses-permission#android.permission.CAMERA
ADDED from src/main/AndroidManifest.xml:6:5-65
	android:name
		ADDED from src/main/AndroidManifest.xml:6:22-62
uses-permission#android.permission.VIBRATE
ADDED from src/main/AndroidManifest.xml:7:5-66
	android:name
		ADDED from src/main/AndroidManifest.xml:7:22-63
uses-permission#android.permission.EAC
ADDED from src/main/AndroidManifest.xml:8:5-62
	android:name
		ADDED from src/main/AndroidManifest.xml:8:22-59
application
ADDED from src/main/AndroidManifest.xml:12:5-51:19
MERGED from [com.android.support.constraint:constraint-layout:1.0.2] AndroidManifest.xml:9:5-20
MERGED from [com.android.support.constraint:constraint-layout:1.0.2] AndroidManifest.xml:9:5-20
MERGED from [:sdk-release:] AndroidManifest.xml:14:5-89:19
MERGED from [:sdk-release:] AndroidManifest.xml:14:5-89:19
MERGED from [android.arch.lifecycle:runtime:1.0.0] AndroidManifest.xml:24:5-28:19
MERGED from [android.arch.lifecycle:runtime:1.0.0] AndroidManifest.xml:24:5-28:19
	android:supportsRtl
		ADDED from src/main/AndroidManifest.xml:17:9-35
	android:label
		ADDED from src/main/AndroidManifest.xml:15:9-41
	android:roundIcon
		ADDED from src/main/AndroidManifest.xml:16:9-51
	android:icon
		ADDED from src/main/AndroidManifest.xml:14:9-46
	android:allowBackup
		ADDED from src/main/AndroidManifest.xml:13:9-35
	android:theme
		ADDED from src/main/AndroidManifest.xml:18:9-65
activity#com.kofax.samples.mobilebarcodedemo.BarcodeMainActivity
ADDED from src/main/AndroidManifest.xml:19:9-28:20
	android:label
		ADDED from src/main/AndroidManifest.xml:21:13-45
	android:theme
		ADDED from src/main/AndroidManifest.xml:22:13-69
	android:name
		ADDED from src/main/AndroidManifest.xml:20:13-48
intent-filter#action:name:android.intent.action.MAIN+category:name:android.intent.category.LAUNCHER
ADDED from src/main/AndroidManifest.xml:23:13-27:29
action#android.intent.action.MAIN
ADDED from src/main/AndroidManifest.xml:24:17-69
	android:name
		ADDED from src/main/AndroidManifest.xml:24:25-66
category#android.intent.category.LAUNCHER
ADDED from src/main/AndroidManifest.xml:26:17-77
	android:name
		ADDED from src/main/AndroidManifest.xml:26:27-74
activity#com.kofax.samples.mobilebarcodedemo.SettingsActivity
ADDED from src/main/AndroidManifest.xml:29:9-32:47
	android:label
		ADDED from src/main/AndroidManifest.xml:31:13-60
	android:theme
		ADDED from src/main/AndroidManifest.xml:32:13-44
	android:name
		ADDED from src/main/AndroidManifest.xml:30:13-45
activity#com.kofax.samples.mobilebarcodedemo.AboutActivity
ADDED from src/main/AndroidManifest.xml:33:9-37:72
	android:label
		ADDED from src/main/AndroidManifest.xml:35:13-57
	android:configChanges
		ADDED from src/main/AndroidManifest.xml:36:13-48
	android:theme
		ADDED from src/main/AndroidManifest.xml:37:13-69
	android:name
		ADDED from src/main/AndroidManifest.xml:34:13-42
activity#com.kofax.samples.mobilebarcodedemo.LicenseAgreementActivity
ADDED from src/main/AndroidManifest.xml:38:9-41:72
	android:label
		ADDED from src/main/AndroidManifest.xml:40:13-69
	android:theme
		ADDED from src/main/AndroidManifest.xml:41:13-69
	android:name
		ADDED from src/main/AndroidManifest.xml:39:13-53
activity#com.kofax.samples.mobilebarcodedemo.CaptureActivity
ADDED from src/main/AndroidManifest.xml:42:9-45:72
	android:label
		ADDED from src/main/AndroidManifest.xml:44:13-59
	android:theme
		ADDED from src/main/AndroidManifest.xml:45:13-69
	android:name
		ADDED from src/main/AndroidManifest.xml:43:13-44
activity#com.kofax.samples.mobilebarcodedemo.BarcodeInfoActivity
ADDED from src/main/AndroidManifest.xml:46:9-50:71
	android:label
		ADDED from src/main/AndroidManifest.xml:48:13-64
	android:configChanges
		ADDED from src/main/AndroidManifest.xml:49:13-48
	android:theme
		ADDED from src/main/AndroidManifest.xml:50:13-69
	android:name
		ADDED from src/main/AndroidManifest.xml:47:13-48
uses-sdk
INJECTED from src/main/AndroidManifest.xml reason: use-sdk injection requested
INJECTED from src/main/AndroidManifest.xml
INJECTED from src/main/AndroidManifest.xml
MERGED from [com.android.support.constraint:constraint-layout:1.0.2] AndroidManifest.xml:5:5-7:41
MERGED from [com.android.support.constraint:constraint-layout:1.0.2] AndroidManifest.xml:5:5-7:41
MERGED from [com.android.support:design:27.0.0] AndroidManifest.xml:20:5-44
MERGED from [com.android.support:design:27.0.0] AndroidManifest.xml:20:5-44
MERGED from [com.android.support:support-v4:27.0.0] AndroidManifest.xml:20:5-44
MERGED from [com.android.support:support-v4:27.0.0] AndroidManifest.xml:20:5-44
MERGED from [:] AndroidManifest.xml:5:5-7:41
MERGED from [:] AndroidManifest.xml:5:5-7:41
MERGED from [com.android.support:appcompat-v7:27.0.0] AndroidManifest.xml:20:5-44
MERGED from [com.android.support:appcompat-v7:27.0.0] AndroidManifest.xml:20:5-44
MERGED from [com.android.support:animated-vector-drawable:27.0.0] AndroidManifest.xml:20:5-44
MERGED from [com.android.support:animated-vector-drawable:27.0.0] AndroidManifest.xml:20:5-44
MERGED from [com.android.support:support-vector-drawable:27.0.0] AndroidManifest.xml:20:5-44
MERGED from [com.android.support:support-vector-drawable:27.0.0] AndroidManifest.xml:20:5-44
MERGED from [:sdk-release:] AndroidManifest.xml:10:5-12:41
MERGED from [:sdk-release:] AndroidManifest.xml:10:5-12:41
MERGED from [com.android.support:support-media-compat:27.0.0] AndroidManifest.xml:20:5-44
MERGED from [com.android.support:support-media-compat:27.0.0] AndroidManifest.xml:20:5-44
MERGED from [com.android.support:support-fragment:27.0.0] AndroidManifest.xml:20:5-44
MERGED from [com.android.support:support-fragment:27.0.0] AndroidManifest.xml:20:5-44
MERGED from [com.android.support:support-core-utils:27.0.0] AndroidManifest.xml:20:5-44
MERGED from [com.android.support:support-core-utils:27.0.0] AndroidManifest.xml:20:5-44
MERGED from [com.android.support:recyclerview-v7:27.0.0] AndroidManifest.xml:20:5-44
MERGED from [com.android.support:recyclerview-v7:27.0.0] AndroidManifest.xml:20:5-44
MERGED from [com.android.support:support-core-ui:27.0.0] AndroidManifest.xml:20:5-44
MERGED from [com.android.support:support-core-ui:27.0.0] AndroidManifest.xml:20:5-44
MERGED from [com.android.support:transition:27.0.0] AndroidManifest.xml:20:5-44
MERGED from [com.android.support:transition:27.0.0] AndroidManifest.xml:20:5-44
MERGED from [com.android.support:support-compat:27.0.0] AndroidManifest.xml:20:5-44
MERGED from [com.android.support:support-compat:27.0.0] AndroidManifest.xml:20:5-44
MERGED from [android.arch.lifecycle:runtime:1.0.0] AndroidManifest.xml:20:5-22:41
MERGED from [android.arch.lifecycle:runtime:1.0.0] AndroidManifest.xml:20:5-22:41
INJECTED from src/main/AndroidManifest.xml
INJECTED from src/main/AndroidManifest.xml
	android:targetSdkVersion
		INJECTED from src/main/AndroidManifest.xml
		ADDED from src/main/AndroidManifest.xml
		INJECTED from src/main/AndroidManifest.xml
	android:minSdkVersion
		INJECTED from src/main/AndroidManifest.xml
		ADDED from src/main/AndroidManifest.xml
		INJECTED from src/main/AndroidManifest.xml
activity#com.kofax.mobile.sdk.capture.check.CheckExtractActivity
ADDED from [:sdk-release:] AndroidManifest.xml:15:9-18:53
	android:screenOrientation
		ADDED from [:sdk-release:] AndroidManifest.xml:18:13-50
	android:configChanges
		ADDED from [:sdk-release:] AndroidManifest.xml:17:13-74
	android:name
		ADDED from [:sdk-release:] AndroidManifest.xml:16:13-83
activity#com.kofax.mobile.sdk.capture.check.CheckCaptureActivity
ADDED from [:sdk-release:] AndroidManifest.xml:19:9-22:53
	android:screenOrientation
		ADDED from [:sdk-release:] AndroidManifest.xml:22:13-50
	android:configChanges
		ADDED from [:sdk-release:] AndroidManifest.xml:21:13-74
	android:name
		ADDED from [:sdk-release:] AndroidManifest.xml:20:13-83
activity#com.kofax.mobile.sdk.capture.check.CheckWorkflowActivity
ADDED from [:sdk-release:] AndroidManifest.xml:23:9-26:53
	android:screenOrientation
		ADDED from [:sdk-release:] AndroidManifest.xml:26:13-50
	android:configChanges
		ADDED from [:sdk-release:] AndroidManifest.xml:25:13-74
	android:name
		ADDED from [:sdk-release:] AndroidManifest.xml:24:13-84
activity#com.kofax.mobile.sdk.capture.ImageReviewActivity
ADDED from [:sdk-release:] AndroidManifest.xml:27:9-30:52
	android:screenOrientation
		ADDED from [:sdk-release:] AndroidManifest.xml:30:13-49
	android:configChanges
		ADDED from [:sdk-release:] AndroidManifest.xml:29:13-74
	android:name
		ADDED from [:sdk-release:] AndroidManifest.xml:28:13-76
activity#com.kofax.mobile.sdk.capture.ProcessActivity
ADDED from [:sdk-release:] AndroidManifest.xml:31:9-34:53
	android:screenOrientation
		ADDED from [:sdk-release:] AndroidManifest.xml:34:13-50
	android:configChanges
		ADDED from [:sdk-release:] AndroidManifest.xml:33:13-74
	android:name
		ADDED from [:sdk-release:] AndroidManifest.xml:32:13-72
activity#com.kofax.mobile.sdk.capture.bill.BillExtractActivity
ADDED from [:sdk-release:] AndroidManifest.xml:35:9-38:53
	android:screenOrientation
		ADDED from [:sdk-release:] AndroidManifest.xml:38:13-50
	android:configChanges
		ADDED from [:sdk-release:] AndroidManifest.xml:37:13-74
	android:name
		ADDED from [:sdk-release:] AndroidManifest.xml:36:13-81
activity#com.kofax.mobile.sdk.capture.bill.BillCaptureActivity
ADDED from [:sdk-release:] AndroidManifest.xml:39:9-42:53
	android:screenOrientation
		ADDED from [:sdk-release:] AndroidManifest.xml:42:13-50
	android:configChanges
		ADDED from [:sdk-release:] AndroidManifest.xml:41:13-74
	android:name
		ADDED from [:sdk-release:] AndroidManifest.xml:40:13-81
activity#com.kofax.mobile.sdk.capture.bill.BillWorkflowActivity
ADDED from [:sdk-release:] AndroidManifest.xml:43:9-46:53
	android:screenOrientation
		ADDED from [:sdk-release:] AndroidManifest.xml:46:13-50
	android:configChanges
		ADDED from [:sdk-release:] AndroidManifest.xml:45:13-74
	android:name
		ADDED from [:sdk-release:] AndroidManifest.xml:44:13-82
activity#com.kofax.mobile.sdk.capture.id.IdExtractActivity
ADDED from [:sdk-release:] AndroidManifest.xml:47:9-50:53
	android:screenOrientation
		ADDED from [:sdk-release:] AndroidManifest.xml:50:13-50
	android:configChanges
		ADDED from [:sdk-release:] AndroidManifest.xml:49:13-74
	android:name
		ADDED from [:sdk-release:] AndroidManifest.xml:48:13-77
activity#com.kofax.mobile.sdk.capture.id.IdCaptureActivity
ADDED from [:sdk-release:] AndroidManifest.xml:51:9-54:53
	android:screenOrientation
		ADDED from [:sdk-release:] AndroidManifest.xml:54:13-50
	android:configChanges
		ADDED from [:sdk-release:] AndroidManifest.xml:53:13-74
	android:name
		ADDED from [:sdk-release:] AndroidManifest.xml:52:13-77
activity#com.kofax.mobile.sdk.capture.id.IdCaptureBackActivity
ADDED from [:sdk-release:] AndroidManifest.xml:55:9-58:53
	android:screenOrientation
		ADDED from [:sdk-release:] AndroidManifest.xml:58:13-50
	android:configChanges
		ADDED from [:sdk-release:] AndroidManifest.xml:57:13-74
	android:name
		ADDED from [:sdk-release:] AndroidManifest.xml:56:13-81
activity#com.kofax.mobile.sdk.capture.id.IdWorkflowActivity
ADDED from [:sdk-release:] AndroidManifest.xml:59:9-62:53
	android:screenOrientation
		ADDED from [:sdk-release:] AndroidManifest.xml:62:13-50
	android:configChanges
		ADDED from [:sdk-release:] AndroidManifest.xml:61:13-74
	android:name
		ADDED from [:sdk-release:] AndroidManifest.xml:60:13-78
activity#com.kofax.mobile.sdk.capture.passport.PassportExtractActivity
ADDED from [:sdk-release:] AndroidManifest.xml:63:9-66:53
	android:screenOrientation
		ADDED from [:sdk-release:] AndroidManifest.xml:66:13-50
	android:configChanges
		ADDED from [:sdk-release:] AndroidManifest.xml:65:13-74
	android:name
		ADDED from [:sdk-release:] AndroidManifest.xml:64:13-89
activity#com.kofax.mobile.sdk.capture.passport.PassportCaptureActivity
ADDED from [:sdk-release:] AndroidManifest.xml:67:9-70:53
	android:screenOrientation
		ADDED from [:sdk-release:] AndroidManifest.xml:70:13-50
	android:configChanges
		ADDED from [:sdk-release:] AndroidManifest.xml:69:13-74
	android:name
		ADDED from [:sdk-release:] AndroidManifest.xml:68:13-89
activity#com.kofax.mobile.sdk.capture.passport.PassportWorkflowActivity
ADDED from [:sdk-release:] AndroidManifest.xml:71:9-74:53
	android:screenOrientation
		ADDED from [:sdk-release:] AndroidManifest.xml:74:13-50
	android:configChanges
		ADDED from [:sdk-release:] AndroidManifest.xml:73:13-74
	android:name
		ADDED from [:sdk-release:] AndroidManifest.xml:72:13-90
activity#com.kofax.mobile.sdk.capture.creditcard.CreditCardWorkflowActivity
ADDED from [:sdk-release:] AndroidManifest.xml:75:9-77:77
	android:configChanges
		ADDED from [:sdk-release:] AndroidManifest.xml:77:13-74
	android:name
		ADDED from [:sdk-release:] AndroidManifest.xml:76:13-94
activity#com.kofax.mobile.sdk.capture.creditcard.CardIoWrapperActivity
ADDED from [:sdk-release:] AndroidManifest.xml:78:9-98
	android:name
		ADDED from [:sdk-release:] AndroidManifest.xml:78:19-95
activity#io.card.payment.CardIOActivity
ADDED from [:sdk-release:] AndroidManifest.xml:79:9-81:66
	android:configChanges
		ADDED from [:sdk-release:] AndroidManifest.xml:81:13-63
	android:name
		ADDED from [:sdk-release:] AndroidManifest.xml:80:13-58
meta-data#roboguice.annotations.packages
ADDED from [:sdk-release:] AndroidManifest.xml:83:9-85:41
	android:value
		ADDED from [:sdk-release:] AndroidManifest.xml:85:13-38
	android:name
		ADDED from [:sdk-release:] AndroidManifest.xml:84:13-58
meta-data#roboguice.modules
ADDED from [:sdk-release:] AndroidManifest.xml:86:9-88:71
	android:value
		ADDED from [:sdk-release:] AndroidManifest.xml:88:13-68
	android:name
		ADDED from [:sdk-release:] AndroidManifest.xml:87:13-45
meta-data#android.arch.lifecycle.VERSION
ADDED from [android.arch.lifecycle:runtime:1.0.0] AndroidManifest.xml:25:9-27:47
	android:value
		ADDED from [android.arch.lifecycle:runtime:1.0.0] AndroidManifest.xml:27:13-44
	android:name
		ADDED from [android.arch.lifecycle:runtime:1.0.0] AndroidManifest.xml:26:13-58